<?xml version="1.0" encoding="UTF-8"?>
<testsuite name="com.socgen.employeeportal.EmployeePortalApplicationTests" tests="2" skipped="0" failures="0" errors="0" timestamp="2019-11-25T17:55:42" hostname="FFSCHNL254" time="0.22">
  <properties/>
  <testcase name="getEmployeeTest" classname="com.socgen.employeeportal.EmployeePortalApplicationTests" time="0.179"/>
  <testcase name="addEmployeeTest" classname="com.socgen.employeeportal.EmployeePortalApplicationTests" time="0.04"/>
  <system-out><![CDATA[23:25:36.897 [Test worker] DEBUG org.springframework.test.context.junit4.SpringJUnit4ClassRunner - SpringJUnit4ClassRunner constructor called with [class com.socgen.employeeportal.EmployeePortalApplicationTests]
23:25:36.903 [Test worker] DEBUG org.springframework.test.context.BootstrapUtils - Instantiating CacheAwareContextLoaderDelegate from class [org.springframework.test.context.cache.DefaultCacheAwareContextLoaderDelegate]
23:25:36.910 [Test worker] DEBUG org.springframework.test.context.BootstrapUtils - Instantiating BootstrapContext using constructor [public org.springframework.test.context.support.DefaultBootstrapContext(java.lang.Class,org.springframework.test.context.CacheAwareContextLoaderDelegate)]
23:25:36.925 [Test worker] DEBUG org.springframework.test.context.BootstrapUtils - Instantiating TestContextBootstrapper for test class [com.socgen.employeeportal.EmployeePortalApplicationTests] from class [org.springframework.boot.test.context.SpringBootTestContextBootstrapper]
23:25:36.933 [Test worker] INFO org.springframework.boot.test.context.SpringBootTestContextBootstrapper - Neither @ContextConfiguration nor @ContextHierarchy found for test class [com.socgen.employeeportal.EmployeePortalApplicationTests], using SpringBootContextLoader
23:25:36.935 [Test worker] DEBUG org.springframework.test.context.support.AbstractContextLoader - Did not detect default resource location for test class [com.socgen.employeeportal.EmployeePortalApplicationTests]: class path resource [com/socgen/employeeportal/EmployeePortalApplicationTests-context.xml] does not exist
23:25:36.936 [Test worker] DEBUG org.springframework.test.context.support.AbstractContextLoader - Did not detect default resource location for test class [com.socgen.employeeportal.EmployeePortalApplicationTests]: class path resource [com/socgen/employeeportal/EmployeePortalApplicationTestsContext.groovy] does not exist
23:25:36.936 [Test worker] INFO org.springframework.test.context.support.AbstractContextLoader - Could not detect default resource locations for test class [com.socgen.employeeportal.EmployeePortalApplicationTests]: no resource found for suffixes {-context.xml, Context.groovy}.
23:25:36.937 [Test worker] INFO org.springframework.test.context.support.AnnotationConfigContextLoaderUtils - Could not detect default configuration classes for test class [com.socgen.employeeportal.EmployeePortalApplicationTests]: EmployeePortalApplicationTests does not declare any static, non-private, non-final, nested classes annotated with @Configuration.
23:25:36.970 [Test worker] DEBUG org.springframework.test.context.support.ActiveProfilesUtils - Could not find an 'annotation declaring class' for annotation type [org.springframework.test.context.ActiveProfiles] and class [com.socgen.employeeportal.EmployeePortalApplicationTests]
23:25:37.029 [Test worker] DEBUG org.springframework.context.annotation.ClassPathScanningCandidateComponentProvider - Identified candidate component class: file [/home/fss/Videos/employeeportal/build/classes/java/main/com/socgen/employeeportal/EmployeeportalApplication.class]
23:25:37.030 [Test worker] INFO org.springframework.boot.test.context.SpringBootTestContextBootstrapper - Found @SpringBootConfiguration com.socgen.employeeportal.EmployeeportalApplication for test class com.socgen.employeeportal.EmployeePortalApplicationTests
23:25:37.115 [Test worker] DEBUG org.springframework.boot.test.context.SpringBootTestContextBootstrapper - @TestExecutionListeners is not present for class [com.socgen.employeeportal.EmployeePortalApplicationTests]: using defaults.
23:25:37.116 [Test worker] INFO org.springframework.boot.test.context.SpringBootTestContextBootstrapper - Loaded default TestExecutionListener class names from location [META-INF/spring.factories]: [org.springframework.test.context.web.ServletTestExecutionListener, org.springframework.test.context.support.DirtiesContextBeforeModesTestExecutionListener, org.springframework.test.context.support.DependencyInjectionTestExecutionListener, org.springframework.test.context.support.DirtiesContextTestExecutionListener, org.springframework.test.context.transaction.TransactionalTestExecutionListener, org.springframework.test.context.jdbc.SqlScriptsTestExecutionListener, org.springframework.boot.test.autoconfigure.restdocs.RestDocsTestExecutionListener, org.springframework.boot.test.autoconfigure.web.client.MockRestServiceServerResetTestExecutionListener, org.springframework.boot.test.autoconfigure.web.servlet.MockMvcPrintOnlyOnFailureTestExecutionListener, org.springframework.boot.test.autoconfigure.web.servlet.WebDriverTestExecutionListener, org.springframework.boot.test.mock.mockito.MockitoTestExecutionListener, org.springframework.boot.test.mock.mockito.ResetMocksTestExecutionListener]
23:25:37.128 [Test worker] INFO org.springframework.boot.test.context.SpringBootTestContextBootstrapper - Using TestExecutionListeners: [org.springframework.test.context.web.ServletTestExecutionListener@78cf995c, org.springframework.test.context.support.DirtiesContextBeforeModesTestExecutionListener@48e07f08, org.springframework.boot.test.mock.mockito.MockitoTestExecutionListener@27d7d847, org.springframework.boot.test.autoconfigure.SpringBootDependencyInjectionTestExecutionListener@537c09b8, org.springframework.test.context.support.DirtiesContextTestExecutionListener@577d6ff2, org.springframework.test.context.transaction.TransactionalTestExecutionListener@1cae522a, org.springframework.test.context.jdbc.SqlScriptsTestExecutionListener@5a2a418, org.springframework.boot.test.autoconfigure.restdocs.RestDocsTestExecutionListener@36a05cdd, org.springframework.boot.test.autoconfigure.web.client.MockRestServiceServerResetTestExecutionListener@a9ea704, org.springframework.boot.test.autoconfigure.web.servlet.MockMvcPrintOnlyOnFailureTestExecutionListener@64cf9b7f, org.springframework.boot.test.autoconfigure.web.servlet.WebDriverTestExecutionListener@745d719a, org.springframework.boot.test.mock.mockito.ResetMocksTestExecutionListener@402f8d78]
23:25:37.130 [Test worker] DEBUG org.springframework.test.annotation.ProfileValueUtils - Retrieved @ProfileValueSourceConfiguration [null] for test class [com.socgen.employeeportal.EmployeePortalApplicationTests]
23:25:37.131 [Test worker] DEBUG org.springframework.test.annotation.ProfileValueUtils - Retrieved ProfileValueSource type [class org.springframework.test.annotation.SystemProfileValueSource] for class [com.socgen.employeeportal.EmployeePortalApplicationTests]
23:25:37.131 [Test worker] DEBUG org.springframework.test.annotation.ProfileValueUtils - Retrieved @ProfileValueSourceConfiguration [null] for test class [com.socgen.employeeportal.EmployeePortalApplicationTests]
23:25:37.132 [Test worker] DEBUG org.springframework.test.annotation.ProfileValueUtils - Retrieved ProfileValueSource type [class org.springframework.test.annotation.SystemProfileValueSource] for class [com.socgen.employeeportal.EmployeePortalApplicationTests]
23:25:37.135 [Test worker] DEBUG org.springframework.test.context.support.AbstractDirtiesContextTestExecutionListener - Before test class: context [DefaultTestContext@76de92fe testClass = EmployeePortalApplicationTests, testInstance = [null], testMethod = [null], testException = [null], mergedContextConfiguration = [WebMergedContextConfiguration@52d8f3b6 testClass = EmployeePortalApplicationTests, locations = '{}', classes = '{class com.socgen.employeeportal.EmployeeportalApplication}', contextInitializerClasses = '[]', activeProfiles = '{}', propertySourceLocations = '{}', propertySourceProperties = '{org.springframework.boot.test.context.SpringBootTestContextBootstrapper=true}', contextCustomizers = set[org.springframework.boot.test.autoconfigure.properties.PropertyMappingContextCustomizer@0, org.springframework.boot.test.autoconfigure.web.servlet.WebDriverContextCustomizerFactory$Customizer@605cce3a, org.springframework.boot.test.context.filter.ExcludeFilterContextCustomizer@7089ae10, org.springframework.boot.test.json.DuplicateJsonObjectContextCustomizerFactory$DuplicateJsonObjectContextCustomizer@3d7d6648, org.springframework.boot.test.mock.mockito.MockitoContextCustomizer@0, org.springframework.boot.test.web.client.TestRestTemplateContextCustomizer@228172ab], resourceBasePath = 'src/main/webapp', contextLoader = 'org.springframework.boot.test.context.SpringBootContextLoader', parent = [null]], attributes = map['org.springframework.test.context.web.ServletTestExecutionListener.activateListener' -> true]], class annotated with @DirtiesContext [false] with mode [null].
23:25:37.136 [Test worker] DEBUG org.springframework.test.annotation.ProfileValueUtils - Retrieved @ProfileValueSourceConfiguration [null] for test class [com.socgen.employeeportal.EmployeePortalApplicationTests]
23:25:37.136 [Test worker] DEBUG org.springframework.test.annotation.ProfileValueUtils - Retrieved ProfileValueSource type [class org.springframework.test.annotation.SystemProfileValueSource] for class [com.socgen.employeeportal.EmployeePortalApplicationTests]
23:25:37.269 [Test worker] DEBUG org.springframework.test.context.support.TestPropertySourceUtils - Adding inlined properties to environment: {spring.jmx.enabled=false, org.springframework.boot.test.context.SpringBootTestContextBootstrapper=true, server.port=-1}

  .   ____          _            __ _ _
 /\\ / ___'_ __ _ _(_)_ __  __ _ \ \ \ \
( ( )\___ | '_ | '_| | '_ \/ _` | \ \ \ \
 \\/  ___)| |_)| | | | | || (_| |  ) ) ) )
  '  |____| .__|_| |_|_| |_\__, | / / / /
 =========|_|==============|___/=/_/_/_/
 :: Spring Boot ::       (v2.1.10.RELEASE)

2019-11-25 23:25:37.482  INFO 25453 --- [    Test worker] c.s.e.EmployeePortalApplicationTests     : Starting EmployeePortalApplicationTests on FFSCHNL254 with PID 25453 (started by fss in /home/fss/Videos/employeeportal)
2019-11-25 23:25:37.484  INFO 25453 --- [    Test worker] c.s.e.EmployeePortalApplicationTests     : No active profile set, falling back to default profiles: default
2019-11-25 23:25:38.483  INFO 25453 --- [    Test worker] .s.d.r.c.RepositoryConfigurationDelegate : Bootstrapping Spring Data repositories in DEFAULT mode.
2019-11-25 23:25:38.548  INFO 25453 --- [    Test worker] .s.d.r.c.RepositoryConfigurationDelegate : Finished Spring Data repository scanning in 57ms. Found 1 repository interfaces.
2019-11-25 23:25:38.946  INFO 25453 --- [    Test worker] trationDelegate$BeanPostProcessorChecker : Bean 'org.springframework.transaction.annotation.ProxyTransactionManagementConfiguration' of type [org.springframework.transaction.annotation.ProxyTransactionManagementConfiguration$$EnhancerBySpringCGLIB$$a92b81b1] is not eligible for getting processed by all BeanPostProcessors (for example: not eligible for auto-proxying)
2019-11-25 23:25:39.216  INFO 25453 --- [    Test worker] com.zaxxer.hikari.HikariDataSource       : HikariPool-1 - Starting...
2019-11-25 23:25:39.361  INFO 25453 --- [    Test worker] com.zaxxer.hikari.HikariDataSource       : HikariPool-1 - Start completed.
2019-11-25 23:25:39.441  INFO 25453 --- [    Test worker] o.hibernate.jpa.internal.util.LogHelper  : HHH000204: Processing PersistenceUnitInfo [
	name: default
	...]
2019-11-25 23:25:39.492  INFO 25453 --- [    Test worker] org.hibernate.Version                    : HHH000412: Hibernate Core {5.3.13.Final}
2019-11-25 23:25:39.493  INFO 25453 --- [    Test worker] org.hibernate.cfg.Environment            : HHH000206: hibernate.properties not found
2019-11-25 23:25:39.615  INFO 25453 --- [    Test worker] o.hibernate.annotations.common.Version   : HCANN000001: Hibernate Commons Annotations {5.0.4.Final}
2019-11-25 23:25:39.734  INFO 25453 --- [    Test worker] org.hibernate.dialect.Dialect            : HHH000400: Using dialect: org.hibernate.dialect.H2Dialect
2019-11-25 23:25:40.246  INFO 25453 --- [    Test worker] o.h.t.schema.internal.SchemaCreatorImpl  : HHH000476: Executing import script 'org.hibernate.tool.schema.internal.exec.ScriptSourceInputNonExistentImpl@573393f0'
2019-11-25 23:25:40.248  INFO 25453 --- [    Test worker] j.LocalContainerEntityManagerFactoryBean : Initialized JPA EntityManagerFactory for persistence unit 'default'
2019-11-25 23:25:40.849  WARN 25453 --- [    Test worker] aWebConfiguration$JpaWebMvcConfiguration : spring.jpa.open-in-view is enabled by default. Therefore, database queries may be performed during view rendering. Explicitly configure spring.jpa.open-in-view to disable this warning
2019-11-25 23:25:41.089  INFO 25453 --- [    Test worker] pertySourcedRequestMappingHandlerMapping : Mapped URL path [/v2/api-docs] onto method [public org.springframework.http.ResponseEntity<springfox.documentation.spring.web.json.Json> springfox.documentation.swagger2.web.Swagger2Controller.getDocumentation(java.lang.String,javax.servlet.http.HttpServletRequest)]
2019-11-25 23:25:41.775  INFO 25453 --- [    Test worker] o.s.s.concurrent.ThreadPoolTaskExecutor  : Initializing ExecutorService 'applicationTaskExecutor'
2019-11-25 23:25:42.176  INFO 25453 --- [    Test worker] d.s.w.p.DocumentationPluginsBootstrapper : Context refreshed
2019-11-25 23:25:42.195  INFO 25453 --- [    Test worker] d.s.w.p.DocumentationPluginsBootstrapper : Found 1 custom documentation plugin(s)
2019-11-25 23:25:42.221  INFO 25453 --- [    Test worker] s.d.s.w.s.ApiListingReferenceScanner     : Scanning for api listing references
2019-11-25 23:25:42.328  INFO 25453 --- [    Test worker] c.s.e.EmployeePortalApplicationTests     : Started EmployeePortalApplicationTests in 5.052 seconds (JVM running for 5.97)
2019-11-25 23:25:42.413  INFO 25453 --- [    Test worker] o.h.h.i.QueryTranslatorFactoryInitiator  : HHH000397: Using ASTQueryTranslatorFactory
Employee{firstName='abc', lastName='def', gender='Male', department='IT', dOBStr='03/09/1994'}
2019-11-25 23:25:42.568  INFO 25453 --- [    Test worker] o.s.b.t.m.w.SpringBootMockServletContext : Initializing Spring TestDispatcherServlet ''
2019-11-25 23:25:42.568  INFO 25453 --- [    Test worker] o.s.t.web.servlet.TestDispatcherServlet  : Initializing Servlet ''
2019-11-25 23:25:42.582  INFO 25453 --- [    Test worker] o.s.t.web.servlet.TestDispatcherServlet  : Completed initialization in 14 ms
2019-11-25 23:25:42.701  INFO 25453 --- [    Test worker] o.s.b.t.m.w.SpringBootMockServletContext : Initializing Spring TestDispatcherServlet ''
2019-11-25 23:25:42.702  INFO 25453 --- [    Test worker] o.s.t.web.servlet.TestDispatcherServlet  : Initializing Servlet ''
2019-11-25 23:25:42.705  INFO 25453 --- [    Test worker] o.s.t.web.servlet.TestDispatcherServlet  : Completed initialization in 3 ms
]]></system-out>
  <system-err><![CDATA[]]></system-err>
</testsuite>
